<?xml version="1.0" encoding="UTF-8"?>
<!-- Generated by org.testng.reporters.JUnitReportReporter -->
<testsuite hostname="SAMEER-PC" failures="0" tests="3" name="TestNg.Test2" time="0.017" errors="0" timestamp="2021-05-15T21:42:33 IST" skipped="0">
  <testcase classname="TestNg.Test2" name="p2" time="0.002"/>
  <system-out/>
  <testcase classname="TestNg.Test2" name="p3" time="0.002"/>
  <system-out/>
  <testcase classname="TestNg.Test2" name="p1" time="0.013"/>
  <system-out/>
</testsuite> <!-- TestNg.Test2 -->
