<?xml version="1.0" encoding="UTF-8"?>
<!-- Generated by org.testng.reporters.JUnitReportReporter -->
<testsuite hostname="SAMEER-PC" failures="0" tests="3" name="TestNg.Test4" time="0.002" errors="0" timestamp="2021-05-15T21:42:33 IST" skipped="0">
  <testcase classname="TestNg.Test4" name="r1" time="0.001"/>
  <system-out/>
  <testcase classname="TestNg.Test4" name="r2" time="0.000"/>
  <system-out/>
  <testcase classname="TestNg.Test4" name="r3" time="0.001"/>
  <system-out/>
</testsuite> <!-- TestNg.Test4 -->
