<?xml version="1.0" encoding="UTF-8"?>
<!-- Generated by org.testng.reporters.JUnitReportReporter -->
<testsuite hostname="SAMEER-PC" failures="0" tests="6" name="TestNg.TestEx" time="0.010" errors="0" timestamp="2021-05-15T21:42:33 IST" skipped="0">
  <testcase classname="TestNg.TestEx" name="first" time="0.002"/>
  <system-out/>
  <testcase classname="TestNg.TestEx" name="good" time="0.001"/>
  <system-out/>
  <testcase classname="TestNg.TestEx" name="egg" time="0.002"/>
  <system-out/>
  <testcase classname="TestNg.TestEx" name="add" time="0.001"/>
  <system-out/>
  <testcase classname="TestNg.TestEx" name="jkl" time="0.002"/>
  <system-out/>
  <testcase classname="TestNg.TestEx" name="bcd" time="0.002"/>
  <system-out/>
</testsuite> <!-- TestNg.TestEx -->
